<?xml version="1.0" encoding="UTF-8"?>
<!-- Generated by org.testng.reporters.JUnitReportReporter -->
<testsuite hostname="DESKTOP-FTDKB7K" failures="0" tests="2" name="com.dragAndDropOperation.JqueryDragAndDropOperation" time="9.693" errors="0" timestamp="2022-12-19T12:19:37 IST" skipped="0">
  <testcase classname="com.dragAndDropOperation.JqueryDragAndDropOperation" name="dragOperation" time="8.485"/>
  <system-out/>
  <testcase classname="com.dragAndDropOperation.JqueryDragAndDropOperation" name="operation" time="1.208"/>
  <system-out/>
</testsuite> <!-- com.dragAndDropOperation.JqueryDragAndDropOperation -->
