<?xml version="1.0" encoding="UTF-8"?>
<!-- Generated by org.testng.reporters.JUnitReportReporter -->
<testsuite hostname="DESKTOP-FTDKB7K" failures="0" tests="2" name="testNg.TestNGMethods" time="0.014" errors="0" timestamp="2022-12-14T16:27:59 IST" skipped="0">
  <testcase classname="testNg.TestNGMethods" name="Test2" time="0.004"/>
  <system-out/>
  <testcase classname="testNg.TestNGMethods" name="Test1" time="0.010"/>
  <system-out/>
</testsuite> <!-- testNg.TestNGMethods -->
