<?xml version="1.0" encoding="UTF-8"?>
<!-- Generated by org.testng.reporters.JUnitReportReporter -->
<testsuite hostname="DESKTOP-FTDKB7K" failures="0" tests="2" name="testNg.PracticeClass2" time="1.109" errors="0" timestamp="2022-12-24T00:12:45 IST" skipped="0">
  <testcase classname="testNg.PracticeClass2" name="test2" time="0.002"/>
  <system-out/>
  <testcase classname="testNg.PracticeClass2" name="test" time="1.107"/>
  <system-out/>
</testsuite> <!-- testNg.PracticeClass2 -->
