<?xml version="1.0" encoding="UTF-8"?>
<!-- Generated by org.testng.reporters.JUnitReportReporter -->
<testsuite hostname="DESKTOP-FTDKB7K" failures="0" tests="1" name="apsrtcApplication.ApsrtcAlertTesting" time="3.277" errors="0" timestamp="2022-12-21T18:10:15 IST" skipped="0">
  <testcase classname="apsrtcApplication.ApsrtcAlertTesting" name="applicationTest" time="3.277"/>
  <system-out/>
</testsuite> <!-- apsrtcApplication.ApsrtcAlertTesting -->
