<?xml version="1.0" encoding="UTF-8"?>
<!-- Generated by org.testng.reporters.JUnitReportReporter -->
<testsuite hostname="DESKTOP-FTDKB7K" failures="0" tests="1" name="com.AmazonTesting.BasicTestingOfAmazon" time="3.481" errors="0" timestamp="2022-12-19T11:52:51 IST" skipped="0">
  <testcase classname="com.AmazonTesting.BasicTestingOfAmazon" name="amazonHeaderRowElements" time="3.481"/>
  <system-out/>
</testsuite> <!-- com.AmazonTesting.BasicTestingOfAmazon -->
