<?xml version="1.0" encoding="UTF-8"?>
<!-- Generated by org.testng.reporters.JUnitReportReporter -->
<testsuite hostname="DESKTOP-FTDKB7K" failures="0" tests="2" name="gmailApplication.UsingXpathGmailApplicationAutomation" time="5.566" errors="0" timestamp="2022-12-18T20:52:26 IST" skipped="0">
  <testcase classname="gmailApplication.UsingXpathGmailApplicationAutomation" name="automatingEmailOrPhone" time="0.251"/>
  <system-out/>
  <testcase classname="gmailApplication.UsingXpathGmailApplicationAutomation" name="autoMatingNext" time="5.315"/>
  <system-out/>
</testsuite> <!-- gmailApplication.UsingXpathGmailApplicationAutomation -->
