<?xml version="1.0" encoding="UTF-8"?>
<!-- Generated by org.testng.reporters.JUnitReportReporter -->
<testsuite hostname="DESKTOP-FTDKB7K" failures="0" tests="1" name="testNg.PracticeClass" time="3.155" errors="0" timestamp="2022-12-22T17:55:21 IST" skipped="0">
  <testcase classname="testNg.PracticeClass" name="orangeHrm" time="3.155"/>
  <system-out/>
</testsuite> <!-- testNg.PracticeClass -->
