<?xml version="1.0" encoding="UTF-8"?>
<!-- Generated by org.testng.reporters.JUnitReportReporter -->
<testsuite hostname="DESKTOP-FTDKB7K" failures="0" tests="2" name="WebApplicationTesting.OHRM.UsingXpathGmailApplicationAutomation" time="5.657" errors="0" timestamp="2022-12-22T12:32:29 IST" skipped="0">
  <testcase classname="WebApplicationTesting.OHRM.UsingXpathGmailApplicationAutomation" name="automatingEmailOrPhone" time="0.543"/>
  <system-out/>
  <testcase classname="WebApplicationTesting.OHRM.UsingXpathGmailApplicationAutomation" name="autoMatingNext" time="5.114"/>
  <system-out/>
</testsuite> <!-- WebApplicationTesting.OHRM.UsingXpathGmailApplicationAutomation -->
